{"/Users/waweruh/Documents/javascript/oober/app/models/user.model.js":{"path":"/Users/waweruh/Documents/javascript/oober/app/models/user.model.js","s":{"1":1,"2":1,"3":1,"4":1,"5":1,"6":2,"7":2,"8":2,"9":0,"10":2,"11":2,"12":2,"13":1,"14":1,"15":1,"16":4,"17":4,"18":1,"19":3,"20":3,"21":0,"22":3},"b":{"1":[0,2],"2":[0,3]},"f":{"1":2,"2":1,"3":4,"4":3},"fnMap":{"1":{"name":"(anonymous_1)","line":35,"loc":{"start":{"line":35,"column":25},"end":{"line":35,"column":53}}},"2":{"name":"(anonymous_2)","line":48,"loc":{"start":{"line":48,"column":29},"end":{"line":48,"column":52}}},"3":{"name":"(anonymous_3)","line":52,"loc":{"start":{"line":52,"column":35},"end":{"line":52,"column":64}}},"4":{"name":"(anonymous_4)","line":57,"loc":{"start":{"line":57,"column":34},"end":{"line":57,"column":78}}}},"statementMap":{"1":{"start":{"line":1,"column":0},"end":{"line":1,"column":38}},"2":{"start":{"line":2,"column":0},"end":{"line":2,"column":36}},"3":{"start":{"line":4,"column":0},"end":{"line":31,"column":2}},"4":{"start":{"line":33,"column":0},"end":{"line":33,"column":68}},"5":{"start":{"line":35,"column":0},"end":{"line":46,"column":2}},"6":{"start":{"line":36,"column":2},"end":{"line":45,"column":5}},"7":{"start":{"line":37,"column":4},"end":{"line":44,"column":7}},"8":{"start":{"line":38,"column":6},"end":{"line":40,"column":7}},"9":{"start":{"line":39,"column":8},"end":{"line":39,"column":18}},"10":{"start":{"line":41,"column":6},"end":{"line":41,"column":30}},"11":{"start":{"line":42,"column":6},"end":{"line":42,"column":30}},"12":{"start":{"line":43,"column":6},"end":{"line":43,"column":29}},"13":{"start":{"line":48,"column":0},"end":{"line":50,"column":2}},"14":{"start":{"line":49,"column":2},"end":{"line":49,"column":30}},"15":{"start":{"line":52,"column":0},"end":{"line":55,"column":2}},"16":{"start":{"line":53,"column":2},"end":{"line":53,"column":39}},"17":{"start":{"line":54,"column":2},"end":{"line":54,"column":32}},"18":{"start":{"line":57,"column":0},"end":{"line":62,"column":2}},"19":{"start":{"line":58,"column":2},"end":{"line":61,"column":5}},"20":{"start":{"line":59,"column":4},"end":{"line":59,"column":23}},"21":{"start":{"line":59,"column":13},"end":{"line":59,"column":23}},"22":{"start":{"line":60,"column":4},"end":{"line":60,"column":28}}},"branchMap":{"1":{"line":38,"type":"if","locations":[{"start":{"line":38,"column":6},"end":{"line":38,"column":6}},{"start":{"line":38,"column":6},"end":{"line":38,"column":6}}]},"2":{"line":59,"type":"if","locations":[{"start":{"line":59,"column":4},"end":{"line":59,"column":4}},{"start":{"line":59,"column":4},"end":{"line":59,"column":4}}]}}},"/Users/waweruh/Documents/javascript/oober/app.js":{"path":"/Users/waweruh/Documents/javascript/oober/app.js","s":{"1":1,"2":1,"3":1,"4":1,"5":1,"6":1,"7":1,"8":1,"9":1,"10":1,"11":1,"12":0,"13":1,"14":1,"15":1,"16":1,"17":1,"18":1,"19":1,"20":1,"21":1,"22":0,"23":0,"24":0,"25":1,"26":1,"27":0,"28":1,"29":1,"30":1,"31":1},"b":{"1":[1,0]},"f":{"1":1},"fnMap":{"1":{"name":"(anonymous_1)","line":56,"loc":{"start":{"line":56,"column":32},"end":{"line":56,"column":43}}}},"statementMap":{"1":{"start":{"line":4,"column":0},"end":{"line":4,"column":35}},"2":{"start":{"line":5,"column":0},"end":{"line":5,"column":42}},"3":{"start":{"line":6,"column":0},"end":{"line":6,"column":46}},"4":{"start":{"line":8,"column":0},"end":{"line":8,"column":35}},"5":{"start":{"line":9,"column":0},"end":{"line":9,"column":37}},"6":{"start":{"line":10,"column":0},"end":{"line":10,"column":29}},"7":{"start":{"line":11,"column":0},"end":{"line":11,"column":29}},"8":{"start":{"line":12,"column":0},"end":{"line":12,"column":37}},"9":{"start":{"line":14,"column":0},"end":{"line":14,"column":34}},"10":{"start":{"line":16,"column":0},"end":{"line":24,"column":5}},"11":{"start":{"line":19,"column":4},"end":{"line":19,"column":58}},"12":{"start":{"line":22,"column":4},"end":{"line":22,"column":68}},"13":{"start":{"line":27,"column":0},"end":{"line":27,"column":22}},"14":{"start":{"line":28,"column":0},"end":{"line":28,"column":16}},"15":{"start":{"line":30,"column":0},"end":{"line":30,"column":27}},"16":{"start":{"line":32,"column":0},"end":{"line":32,"column":51}},"17":{"start":{"line":34,"column":0},"end":{"line":34,"column":12}},"18":{"start":{"line":37,"column":0},"end":{"line":37,"column":56}},"19":{"start":{"line":40,"column":0},"end":{"line":40,"column":31}},"20":{"start":{"line":41,"column":0},"end":{"line":41,"column":28}},"21":{"start":{"line":43,"column":0},"end":{"line":47,"column":3}},"22":{"start":{"line":44,"column":2},"end":{"line":44,"column":37}},"23":{"start":{"line":45,"column":2},"end":{"line":45,"column":19}},"24":{"start":{"line":46,"column":2},"end":{"line":46,"column":12}},"25":{"start":{"line":49,"column":0},"end":{"line":49,"column":39}},"26":{"start":{"line":50,"column":0},"end":{"line":52,"column":3}},"27":{"start":{"line":51,"column":2},"end":{"line":51,"column":31}},"28":{"start":{"line":54,"column":0},"end":{"line":54,"column":58}},"29":{"start":{"line":56,"column":0},"end":{"line":58,"column":3}},"30":{"start":{"line":57,"column":2},"end":{"line":57,"column":55}},"31":{"start":{"line":60,"column":0},"end":{"line":60,"column":24}}},"branchMap":{"1":{"line":54,"type":"binary-expr","locations":[{"start":{"line":54,"column":13},"end":{"line":54,"column":49}},{"start":{"line":54,"column":53},"end":{"line":54,"column":57}}]}}},"/Users/waweruh/Documents/javascript/oober/app/routes/routes.js":{"path":"/Users/waweruh/Documents/javascript/oober/app/routes/routes.js","s":{"1":1,"2":1,"3":1,"4":1,"5":1,"6":1,"7":1,"8":1,"9":1,"10":1,"11":1,"12":1,"13":1,"14":1,"15":1},"b":{},"f":{"1":1},"fnMap":{"1":{"name":"(anonymous_1)","line":1,"loc":{"start":{"line":1,"column":18},"end":{"line":1,"column":32}}}},"statementMap":{"1":{"start":{"line":1,"column":0},"end":{"line":18,"column":2}},"2":{"start":{"line":2,"column":2},"end":{"line":2,"column":58}},"3":{"start":{"line":3,"column":2},"end":{"line":3,"column":56}},"4":{"start":{"line":4,"column":2},"end":{"line":4,"column":39}},"5":{"start":{"line":5,"column":2},"end":{"line":5,"column":72}},"6":{"start":{"line":8,"column":2},"end":{"line":8,"column":31}},"7":{"start":{"line":9,"column":2},"end":{"line":9,"column":41}},"8":{"start":{"line":10,"column":2},"end":{"line":10,"column":39}},"9":{"start":{"line":11,"column":2},"end":{"line":11,"column":56}},"10":{"start":{"line":13,"column":2},"end":{"line":13,"column":57}},"11":{"start":{"line":14,"column":2},"end":{"line":14,"column":61}},"12":{"start":{"line":15,"column":2},"end":{"line":15,"column":57}},"13":{"start":{"line":16,"column":2},"end":{"line":16,"column":60}},"14":{"start":{"line":17,"column":2},"end":{"line":17,"column":66}},"15":{"start":{"line":20,"column":0},"end":{"line":20,"column":27}}},"branchMap":{}},"/Users/waweruh/Documents/javascript/oober/config.js":{"path":"/Users/waweruh/Documents/javascript/oober/config.js","s":{"1":1},"b":{},"f":{},"fnMap":{},"statementMap":{"1":{"start":{"line":1,"column":0},"end":{"line":22,"column":2}}},"branchMap":{}},"/Users/waweruh/Documents/javascript/oober/app/controllers/auth-controller.js":{"path":"/Users/waweruh/Documents/javascript/oober/app/controllers/auth-controller.js","s":{"1":1,"2":1,"3":1,"4":1,"5":1,"6":5,"7":3,"8":2,"9":1,"10":1,"11":1,"12":1,"13":1,"14":0,"15":1,"16":4,"17":4,"18":4,"19":0,"20":4,"21":4,"22":0,"23":4,"24":1,"25":3,"26":3,"27":0,"28":3,"29":2,"30":2,"31":1,"32":1,"33":1},"b":{"1":[3,2],"2":[5,4,3,2],"3":[1,1],"4":[1,0],"5":[1,0],"6":[0,4],"7":[4,4],"8":[0,4],"9":[1,3],"10":[0,3],"11":[2,1]},"f":{},"fnMap":{},"statementMap":{"1":{"start":{"line":1,"column":0},"end":{"line":1,"column":45}},"2":{"start":{"line":2,"column":0},"end":{"line":2,"column":37}},"3":{"start":{"line":3,"column":0},"end":{"line":3,"column":36}},"4":{"start":{"line":4,"column":0},"end":{"line":4,"column":55}},"5":{"start":{"line":6,"column":0},"end":{"line":45,"column":2}},"6":{"start":{"line":8,"column":2},"end":{"line":17,"column":3}},"7":{"start":{"line":14,"column":4},"end":{"line":16,"column":7}},"8":{"start":{"line":18,"column":2},"end":{"line":22,"column":3}},"9":{"start":{"line":19,"column":4},"end":{"line":21,"column":7}},"10":{"start":{"line":24,"column":2},"end":{"line":28,"column":5}},"11":{"start":{"line":31,"column":2},"end":{"line":44,"column":5}},"12":{"start":{"line":32,"column":4},"end":{"line":43,"column":5}},"13":{"start":{"line":33,"column":6},"end":{"line":36,"column":9}},"14":{"start":{"line":38,"column":6},"end":{"line":42,"column":9}},"15":{"start":{"line":46,"column":0},"end":{"line":86,"column":2}},"16":{"start":{"line":47,"column":2},"end":{"line":47,"column":37}},"17":{"start":{"line":48,"column":2},"end":{"line":48,"column":37}},"18":{"start":{"line":50,"column":2},"end":{"line":54,"column":3}},"19":{"start":{"line":51,"column":4},"end":{"line":53,"column":61}},"20":{"start":{"line":56,"column":2},"end":{"line":85,"column":5}},"21":{"start":{"line":57,"column":4},"end":{"line":57,"column":23}},"22":{"start":{"line":57,"column":13},"end":{"line":57,"column":23}},"23":{"start":{"line":58,"column":4},"end":{"line":63,"column":5}},"24":{"start":{"line":59,"column":6},"end":{"line":62,"column":9}},"25":{"start":{"line":65,"column":4},"end":{"line":84,"column":7}},"26":{"start":{"line":66,"column":6},"end":{"line":66,"column":25}},"27":{"start":{"line":66,"column":15},"end":{"line":66,"column":25}},"28":{"start":{"line":67,"column":6},"end":{"line":83,"column":7}},"29":{"start":{"line":68,"column":8},"end":{"line":70,"column":11}},"30":{"start":{"line":72,"column":8},"end":{"line":80,"column":11}},"31":{"start":{"line":82,"column":8},"end":{"line":82,"column":71}},"32":{"start":{"line":88,"column":0},"end":{"line":90,"column":2}},"33":{"start":{"line":89,"column":2},"end":{"line":89,"column":31}}},"branchMap":{"1":{"line":8,"type":"if","locations":[{"start":{"line":8,"column":2},"end":{"line":8,"column":2}},{"start":{"line":8,"column":2},"end":{"line":8,"column":2}}]},"2":{"line":9,"type":"binary-expr","locations":[{"start":{"line":9,"column":4},"end":{"line":9,"column":22}},{"start":{"line":10,"column":4},"end":{"line":10,"column":19}},{"start":{"line":11,"column":4},"end":{"line":11,"column":22}},{"start":{"line":12,"column":4},"end":{"line":12,"column":29}}]},"3":{"line":18,"type":"if","locations":[{"start":{"line":18,"column":2},"end":{"line":18,"column":2}},{"start":{"line":18,"column":2},"end":{"line":18,"column":2}}]},"4":{"line":32,"type":"if","locations":[{"start":{"line":32,"column":4},"end":{"line":32,"column":4}},{"start":{"line":32,"column":4},"end":{"line":32,"column":4}}]},"5":{"line":35,"type":"binary-expr","locations":[{"start":{"line":35,"column":17},"end":{"line":35,"column":55}},{"start":{"line":35,"column":59},"end":{"line":35,"column":62}}]},"6":{"line":50,"type":"if","locations":[{"start":{"line":50,"column":2},"end":{"line":50,"column":2}},{"start":{"line":50,"column":2},"end":{"line":50,"column":2}}]},"7":{"line":50,"type":"binary-expr","locations":[{"start":{"line":50,"column":6},"end":{"line":50,"column":15}},{"start":{"line":50,"column":19},"end":{"line":50,"column":28}}]},"8":{"line":57,"type":"if","locations":[{"start":{"line":57,"column":4},"end":{"line":57,"column":4}},{"start":{"line":57,"column":4},"end":{"line":57,"column":4}}]},"9":{"line":58,"type":"if","locations":[{"start":{"line":58,"column":4},"end":{"line":58,"column":4}},{"start":{"line":58,"column":4},"end":{"line":58,"column":4}}]},"10":{"line":66,"type":"if","locations":[{"start":{"line":66,"column":6},"end":{"line":66,"column":6}},{"start":{"line":66,"column":6},"end":{"line":66,"column":6}}]},"11":{"line":67,"type":"if","locations":[{"start":{"line":67,"column":6},"end":{"line":67,"column":6}},{"start":{"line":67,"column":6},"end":{"line":67,"column":6}}]}}},"/Users/waweruh/Documents/javascript/oober/config/database.config.js":{"path":"/Users/waweruh/Documents/javascript/oober/config/database.config.js","s":{"1":1},"b":{},"f":{},"fnMap":{},"statementMap":{"1":{"start":{"line":1,"column":0},"end":{"line":4,"column":2}}},"branchMap":{}},"/Users/waweruh/Documents/javascript/oober/app/controllers/car-controller.js":{"path":"/Users/waweruh/Documents/javascript/oober/app/controllers/car-controller.js","s":{"1":1,"2":1,"3":1,"4":1,"5":1,"6":1,"7":0,"8":0,"9":0,"10":0,"11":0,"12":0,"13":0,"14":1,"15":0,"16":0,"17":0,"18":0,"19":1,"20":0,"21":0,"22":0,"23":0,"24":0,"25":1,"26":0,"27":0,"28":0,"29":0,"30":0,"31":1,"32":0,"33":0,"34":0,"35":1,"36":0,"37":0,"38":0,"39":0,"40":0},"b":{"1":[0,0],"2":[0,0],"3":[0,0],"4":[0,0],"5":[0,0],"6":[0,0],"7":[0,0],"8":[0,0],"9":[0,0],"10":[0,0]},"f":{},"fnMap":{},"statementMap":{"1":{"start":{"line":1,"column":0},"end":{"line":1,"column":43}},"2":{"start":{"line":2,"column":0},"end":{"line":2,"column":57}},"3":{"start":{"line":3,"column":0},"end":{"line":3,"column":37}},"4":{"start":{"line":4,"column":0},"end":{"line":4,"column":36}},"5":{"start":{"line":5,"column":0},"end":{"line":5,"column":55}},"6":{"start":{"line":7,"column":0},"end":{"line":35,"column":2}},"7":{"start":{"line":8,"column":2},"end":{"line":13,"column":3}},"8":{"start":{"line":9,"column":4},"end":{"line":12,"column":7}},"9":{"start":{"line":14,"column":2},"end":{"line":21,"column":5}},"10":{"start":{"line":22,"column":2},"end":{"line":34,"column":5}},"11":{"start":{"line":23,"column":4},"end":{"line":28,"column":5}},"12":{"start":{"line":24,"column":6},"end":{"line":27,"column":9}},"13":{"start":{"line":29,"column":4},"end":{"line":33,"column":7}},"14":{"start":{"line":37,"column":0},"end":{"line":50,"column":2}},"15":{"start":{"line":38,"column":2},"end":{"line":49,"column":5}},"16":{"start":{"line":39,"column":4},"end":{"line":44,"column":5}},"17":{"start":{"line":40,"column":6},"end":{"line":43,"column":9}},"18":{"start":{"line":45,"column":4},"end":{"line":48,"column":7}},"19":{"start":{"line":52,"column":0},"end":{"line":66,"column":2}},"20":{"start":{"line":53,"column":2},"end":{"line":65,"column":5}},"21":{"start":{"line":54,"column":4},"end":{"line":59,"column":5}},"22":{"start":{"line":55,"column":6},"end":{"line":58,"column":9}},"23":{"start":{"line":60,"column":4},"end":{"line":63,"column":7}},"24":{"start":{"line":64,"column":4},"end":{"line":64,"column":25}},"25":{"start":{"line":68,"column":0},"end":{"line":83,"column":2}},"26":{"start":{"line":69,"column":2},"end":{"line":82,"column":5}},"27":{"start":{"line":70,"column":4},"end":{"line":75,"column":5}},"28":{"start":{"line":71,"column":6},"end":{"line":74,"column":9}},"29":{"start":{"line":76,"column":4},"end":{"line":80,"column":7}},"30":{"start":{"line":81,"column":4},"end":{"line":81,"column":25}},"31":{"start":{"line":85,"column":0},"end":{"line":95,"column":2}},"32":{"start":{"line":86,"column":2},"end":{"line":94,"column":5}},"33":{"start":{"line":87,"column":4},"end":{"line":93,"column":5}},"34":{"start":{"line":88,"column":6},"end":{"line":92,"column":9}},"35":{"start":{"line":97,"column":0},"end":{"line":120,"column":2}},"36":{"start":{"line":98,"column":2},"end":{"line":105,"column":4}},"37":{"start":{"line":107,"column":2},"end":{"line":119,"column":5}},"38":{"start":{"line":108,"column":4},"end":{"line":113,"column":5}},"39":{"start":{"line":109,"column":6},"end":{"line":112,"column":9}},"40":{"start":{"line":114,"column":4},"end":{"line":118,"column":7}}},"branchMap":{"1":{"line":8,"type":"if","locations":[{"start":{"line":8,"column":2},"end":{"line":8,"column":2}},{"start":{"line":8,"column":2},"end":{"line":8,"column":2}}]},"2":{"line":8,"type":"binary-expr","locations":[{"start":{"line":8,"column":6},"end":{"line":8,"column":23}},{"start":{"line":8,"column":27},"end":{"line":8,"column":42}}]},"3":{"line":23,"type":"if","locations":[{"start":{"line":23,"column":4},"end":{"line":23,"column":4}},{"start":{"line":23,"column":4},"end":{"line":23,"column":4}}]},"4":{"line":39,"type":"if","locations":[{"start":{"line":39,"column":4},"end":{"line":39,"column":4}},{"start":{"line":39,"column":4},"end":{"line":39,"column":4}}]},"5":{"line":54,"type":"if","locations":[{"start":{"line":54,"column":4},"end":{"line":54,"column":4}},{"start":{"line":54,"column":4},"end":{"line":54,"column":4}}]},"6":{"line":57,"type":"binary-expr","locations":[{"start":{"line":57,"column":17},"end":{"line":57,"column":37}},{"start":{"line":57,"column":41},"end":{"line":57,"column":44}}]},"7":{"line":70,"type":"if","locations":[{"start":{"line":70,"column":4},"end":{"line":70,"column":4}},{"start":{"line":70,"column":4},"end":{"line":70,"column":4}}]},"8":{"line":73,"type":"binary-expr","locations":[{"start":{"line":73,"column":17},"end":{"line":73,"column":37}},{"start":{"line":73,"column":41},"end":{"line":73,"column":44}}]},"9":{"line":87,"type":"if","locations":[{"start":{"line":87,"column":4},"end":{"line":87,"column":4}},{"start":{"line":87,"column":4},"end":{"line":87,"column":4}}]},"10":{"line":108,"type":"if","locations":[{"start":{"line":108,"column":4},"end":{"line":108,"column":4}},{"start":{"line":108,"column":4},"end":{"line":108,"column":4}}]}}},"/Users/waweruh/Documents/javascript/oober/app/models/car.model.js":{"path":"/Users/waweruh/Documents/javascript/oober/app/models/car.model.js","s":{"1":1,"2":1,"3":1,"4":1,"5":0,"6":1,"7":0,"8":0,"9":1,"10":0,"11":1,"12":0,"13":0,"14":1,"15":0,"16":0,"17":0,"18":0,"19":1,"20":0,"21":0,"22":0,"23":0,"24":0,"25":0,"26":0},"b":{"1":[0,0],"2":[0,0],"3":[0,0]},"f":{"1":0,"2":0,"3":0,"4":0,"5":0,"6":0},"fnMap":{"1":{"name":"(anonymous_1)","line":43,"loc":{"start":{"line":43,"column":24},"end":{"line":43,"column":51}}},"2":{"name":"(anonymous_2)","line":47,"loc":{"start":{"line":47,"column":28},"end":{"line":47,"column":55}}},"3":{"name":"(anonymous_3)","line":52,"loc":{"start":{"line":52,"column":28},"end":{"line":52,"column":54}}},"4":{"name":"(anonymous_4)","line":56,"loc":{"start":{"line":56,"column":30},"end":{"line":56,"column":58}}},"5":{"name":"(anonymous_5)","line":61,"loc":{"start":{"line":61,"column":31},"end":{"line":61,"column":65}}},"6":{"name":"(anonymous_6)","line":69,"loc":{"start":{"line":69,"column":29},"end":{"line":69,"column":67}}}},"statementMap":{"1":{"start":{"line":1,"column":0},"end":{"line":1,"column":38}},"2":{"start":{"line":3,"column":0},"end":{"line":39,"column":2}},"3":{"start":{"line":41,"column":0},"end":{"line":41,"column":65}},"4":{"start":{"line":43,"column":0},"end":{"line":45,"column":2}},"5":{"start":{"line":44,"column":2},"end":{"line":44,"column":24}},"6":{"start":{"line":47,"column":0},"end":{"line":50,"column":2}},"7":{"start":{"line":48,"column":2},"end":{"line":48,"column":38}},"8":{"start":{"line":49,"column":2},"end":{"line":49,"column":28}},"9":{"start":{"line":52,"column":0},"end":{"line":54,"column":2}},"10":{"start":{"line":53,"column":2},"end":{"line":53,"column":32}},"11":{"start":{"line":56,"column":0},"end":{"line":59,"column":2}},"12":{"start":{"line":57,"column":2},"end":{"line":57,"column":37}},"13":{"start":{"line":58,"column":2},"end":{"line":58,"column":37}},"14":{"start":{"line":61,"column":0},"end":{"line":67,"column":2}},"15":{"start":{"line":62,"column":2},"end":{"line":62,"column":50}},"16":{"start":{"line":63,"column":2},"end":{"line":65,"column":3}},"17":{"start":{"line":64,"column":4},"end":{"line":64,"column":56}},"18":{"start":{"line":66,"column":2},"end":{"line":66,"column":30}},"19":{"start":{"line":69,"column":0},"end":{"line":78,"column":2}},"20":{"start":{"line":70,"column":2},"end":{"line":70,"column":31}},"21":{"start":{"line":71,"column":2},"end":{"line":77,"column":5}},"22":{"start":{"line":72,"column":4},"end":{"line":72,"column":23}},"23":{"start":{"line":72,"column":13},"end":{"line":72,"column":23}},"24":{"start":{"line":73,"column":4},"end":{"line":75,"column":5}},"25":{"start":{"line":74,"column":6},"end":{"line":74,"column":56}},"26":{"start":{"line":76,"column":4},"end":{"line":76,"column":50}}},"branchMap":{"1":{"line":63,"type":"if","locations":[{"start":{"line":63,"column":2},"end":{"line":63,"column":2}},{"start":{"line":63,"column":2},"end":{"line":63,"column":2}}]},"2":{"line":72,"type":"if","locations":[{"start":{"line":72,"column":4},"end":{"line":72,"column":4}},{"start":{"line":72,"column":4},"end":{"line":72,"column":4}}]},"3":{"line":73,"type":"if","locations":[{"start":{"line":73,"column":4},"end":{"line":73,"column":4}},{"start":{"line":73,"column":4},"end":{"line":73,"column":4}}]}}},"/Users/waweruh/Documents/javascript/oober/app/models/carBookings.model.js":{"path":"/Users/waweruh/Documents/javascript/oober/app/models/carBookings.model.js","s":{"1":1,"2":1,"3":1},"b":{},"f":{},"fnMap":{},"statementMap":{"1":{"start":{"line":1,"column":0},"end":{"line":1,"column":37}},"2":{"start":{"line":3,"column":0},"end":{"line":20,"column":2}},"3":{"start":{"line":22,"column":0},"end":{"line":25,"column":3}}},"branchMap":{}},"/Users/waweruh/Documents/javascript/oober/config/passport.js":{"path":"/Users/waweruh/Documents/javascript/oober/config/passport.js","s":{"1":1,"2":1,"3":1,"4":1,"5":1,"6":1,"7":1,"8":1,"9":1,"10":1,"11":1,"12":0,"13":1,"14":1,"15":0},"b":{"1":[0,1],"2":[1,0]},"f":{"1":1},"fnMap":{"1":{"name":"(anonymous_1)","line":7,"loc":{"start":{"line":7,"column":17},"end":{"line":7,"column":36}}}},"statementMap":{"1":{"start":{"line":1,"column":0},"end":{"line":1,"column":53}},"2":{"start":{"line":2,"column":0},"end":{"line":2,"column":54}},"3":{"start":{"line":3,"column":0},"end":{"line":3,"column":49}},"4":{"start":{"line":5,"column":0},"end":{"line":5,"column":36}},"5":{"start":{"line":7,"column":0},"end":{"line":25,"column":2}},"6":{"start":{"line":8,"column":2},"end":{"line":8,"column":16}},"7":{"start":{"line":9,"column":2},"end":{"line":9,"column":67}},"8":{"start":{"line":10,"column":2},"end":{"line":10,"column":60}},"9":{"start":{"line":11,"column":2},"end":{"line":24,"column":4}},"10":{"start":{"line":13,"column":6},"end":{"line":22,"column":9}},"11":{"start":{"line":14,"column":8},"end":{"line":16,"column":9}},"12":{"start":{"line":15,"column":10},"end":{"line":15,"column":34}},"13":{"start":{"line":17,"column":8},"end":{"line":21,"column":9}},"14":{"start":{"line":18,"column":10},"end":{"line":18,"column":34}},"15":{"start":{"line":20,"column":10},"end":{"line":20,"column":35}}},"branchMap":{"1":{"line":14,"type":"if","locations":[{"start":{"line":14,"column":8},"end":{"line":14,"column":8}},{"start":{"line":14,"column":8},"end":{"line":14,"column":8}}]},"2":{"line":17,"type":"if","locations":[{"start":{"line":17,"column":8},"end":{"line":17,"column":8}},{"start":{"line":17,"column":8},"end":{"line":17,"column":8}}]}}},"/Users/waweruh/Documents/javascript/oober/fixtures/testData.js":{"path":"/Users/waweruh/Documents/javascript/oober/fixtures/testData.js","s":{"1":1},"b":{},"f":{},"fnMap":{},"statementMap":{"1":{"start":{"line":1,"column":0},"end":{"line":62,"column":2}}},"branchMap":{}}}