TN:
SF:/Users/waweruh/Documents/javascript/oober/app/models/user.model.js
FN:35,(anonymous_1)
FN:48,(anonymous_2)
FN:52,(anonymous_3)
FN:57,(anonymous_4)
FNF:4
FNH:4
FNDA:2,(anonymous_1)
FNDA:1,(anonymous_2)
FNDA:4,(anonymous_3)
FNDA:3,(anonymous_4)
DA:1,1
DA:2,1
DA:4,1
DA:33,1
DA:35,1
DA:36,2
DA:37,2
DA:38,2
DA:39,0
DA:41,2
DA:42,2
DA:43,2
DA:48,1
DA:49,1
DA:52,1
DA:53,4
DA:54,4
DA:57,1
DA:58,3
DA:59,3
DA:60,3
LF:21
LH:20
BRDA:38,1,0,0
BRDA:38,1,1,2
BRDA:59,2,0,0
BRDA:59,2,1,3
BRF:4
BRH:2
end_of_record
TN:
SF:/Users/waweruh/Documents/javascript/oober/app.js
FN:56,(anonymous_1)
FNF:1
FNH:1
FNDA:1,(anonymous_1)
DA:4,1
DA:5,1
DA:6,1
DA:8,1
DA:9,1
DA:10,1
DA:11,1
DA:12,1
DA:14,1
DA:16,1
DA:19,1
DA:22,0
DA:27,1
DA:28,1
DA:30,1
DA:32,1
DA:34,1
DA:37,1
DA:40,1
DA:41,1
DA:43,1
DA:44,0
DA:45,0
DA:46,0
DA:49,1
DA:50,1
DA:51,0
DA:54,1
DA:56,1
DA:57,1
DA:60,1
LF:31
LH:26
BRDA:54,1,0,1
BRDA:54,1,1,0
BRF:2
BRH:1
end_of_record
TN:
SF:/Users/waweruh/Documents/javascript/oober/app/routes/routes.js
FN:1,(anonymous_1)
FNF:1
FNH:1
FNDA:1,(anonymous_1)
DA:1,1
DA:2,1
DA:3,1
DA:4,1
DA:5,1
DA:8,1
DA:9,1
DA:10,1
DA:11,1
DA:13,1
DA:14,1
DA:15,1
DA:16,1
DA:17,1
DA:20,1
LF:15
LH:15
BRF:0
BRH:0
end_of_record
TN:
SF:/Users/waweruh/Documents/javascript/oober/config.js
FNF:0
FNH:0
DA:1,1
LF:1
LH:1
BRF:0
BRH:0
end_of_record
TN:
SF:/Users/waweruh/Documents/javascript/oober/app/controllers/auth-controller.js
FNF:0
FNH:0
DA:1,1
DA:2,1
DA:3,1
DA:4,1
DA:6,1
DA:8,5
DA:14,3
DA:18,2
DA:19,1
DA:24,1
DA:31,1
DA:32,1
DA:33,1
DA:38,0
DA:46,1
DA:47,4
DA:48,4
DA:50,4
DA:51,0
DA:56,4
DA:57,4
DA:58,4
DA:59,1
DA:65,3
DA:66,3
DA:67,3
DA:68,2
DA:72,2
DA:82,1
DA:88,1
DA:89,1
LF:31
LH:29
BRDA:8,1,0,3
BRDA:8,1,1,2
BRDA:9,2,0,5
BRDA:9,2,1,4
BRDA:9,2,2,3
BRDA:9,2,3,2
BRDA:18,3,0,1
BRDA:18,3,1,1
BRDA:32,4,0,1
BRDA:32,4,1,0
BRDA:35,5,0,1
BRDA:35,5,1,0
BRDA:50,6,0,0
BRDA:50,6,1,4
BRDA:50,7,0,4
BRDA:50,7,1,4
BRDA:57,8,0,0
BRDA:57,8,1,4
BRDA:58,9,0,1
BRDA:58,9,1,3
BRDA:66,10,0,0
BRDA:66,10,1,3
BRDA:67,11,0,2
BRDA:67,11,1,1
BRF:24
BRH:19
end_of_record
TN:
SF:/Users/waweruh/Documents/javascript/oober/config/database.config.js
FNF:0
FNH:0
DA:1,1
LF:1
LH:1
BRF:0
BRH:0
end_of_record
TN:
SF:/Users/waweruh/Documents/javascript/oober/app/controllers/car-controller.js
FNF:0
FNH:0
DA:1,1
DA:2,1
DA:3,1
DA:4,1
DA:5,1
DA:7,1
DA:8,0
DA:9,0
DA:14,0
DA:22,0
DA:23,0
DA:24,0
DA:29,0
DA:37,1
DA:38,0
DA:39,0
DA:40,0
DA:45,0
DA:52,1
DA:53,0
DA:54,0
DA:55,0
DA:60,0
DA:64,0
DA:68,1
DA:69,0
DA:70,0
DA:71,0
DA:76,0
DA:81,0
DA:85,1
DA:86,0
DA:87,0
DA:88,0
DA:97,1
DA:98,0
DA:107,0
DA:108,0
DA:109,0
DA:114,0
LF:40
LH:11
BRDA:8,1,0,0
BRDA:8,1,1,0
BRDA:8,2,0,0
BRDA:8,2,1,0
BRDA:23,3,0,0
BRDA:23,3,1,0
BRDA:39,4,0,0
BRDA:39,4,1,0
BRDA:54,5,0,0
BRDA:54,5,1,0
BRDA:57,6,0,0
BRDA:57,6,1,0
BRDA:70,7,0,0
BRDA:70,7,1,0
BRDA:73,8,0,0
BRDA:73,8,1,0
BRDA:87,9,0,0
BRDA:87,9,1,0
BRDA:108,10,0,0
BRDA:108,10,1,0
BRF:20
BRH:0
end_of_record
TN:
SF:/Users/waweruh/Documents/javascript/oober/app/models/car.model.js
FN:43,(anonymous_1)
FN:47,(anonymous_2)
FN:52,(anonymous_3)
FN:56,(anonymous_4)
FN:61,(anonymous_5)
FN:69,(anonymous_6)
FNF:6
FNH:0
FNDA:0,(anonymous_1)
FNDA:0,(anonymous_2)
FNDA:0,(anonymous_3)
FNDA:0,(anonymous_4)
FNDA:0,(anonymous_5)
FNDA:0,(anonymous_6)
DA:1,1
DA:3,1
DA:41,1
DA:43,1
DA:44,0
DA:47,1
DA:48,0
DA:49,0
DA:52,1
DA:53,0
DA:56,1
DA:57,0
DA:58,0
DA:61,1
DA:62,0
DA:63,0
DA:64,0
DA:66,0
DA:69,1
DA:70,0
DA:71,0
DA:72,0
DA:73,0
DA:74,0
DA:76,0
LF:25
LH:9
BRDA:63,1,0,0
BRDA:63,1,1,0
BRDA:72,2,0,0
BRDA:72,2,1,0
BRDA:73,3,0,0
BRDA:73,3,1,0
BRF:6
BRH:0
end_of_record
TN:
SF:/Users/waweruh/Documents/javascript/oober/app/models/carBookings.model.js
FNF:0
FNH:0
DA:1,1
DA:3,1
DA:22,1
LF:3
LH:3
BRF:0
BRH:0
end_of_record
TN:
SF:/Users/waweruh/Documents/javascript/oober/config/passport.js
FN:7,(anonymous_1)
FNF:1
FNH:1
FNDA:1,(anonymous_1)
DA:1,1
DA:2,1
DA:3,1
DA:5,1
DA:7,1
DA:8,1
DA:9,1
DA:10,1
DA:11,1
DA:13,1
DA:14,1
DA:15,0
DA:17,1
DA:18,1
DA:20,0
LF:15
LH:13
BRDA:14,1,0,0
BRDA:14,1,1,1
BRDA:17,2,0,1
BRDA:17,2,1,0
BRF:4
BRH:2
end_of_record
TN:
SF:/Users/waweruh/Documents/javascript/oober/fixtures/testData.js
FNF:0
FNH:0
DA:1,1
LF:1
LH:1
BRF:0
BRH:0
end_of_record
